{"timestamp":"2026-05-23T01:06:56.667831Z","level":"INFO","fields":{"message":"python/3.13.1; huggingface_hub/1.16.1; hf_xet/1.5.0; , xet-core revision 6ed5a00"},"filename":"/Users/runner/work/xet-core/xet-core/xet_runtime/src/logging/init.rs","line_number":65}
{"timestamp":"2026-05-23T01:06:56.667846Z","level":"INFO","fields":{"message":"hf_xet logging configured."},"filename":"src/logging.rs","line_number":36}
{"timestamp":"2026-05-23T01:06:56.667871Z","level":"INFO","fields":{"message":"Increased RLIMIT_NOFILE soft limit from 1048575 to 9223372036854775807"},"filename":"/Users/runner/work/xet-core/xet-core/xet_runtime/src/core/file_handle_limits.rs","line_number":31}
{"timestamp":"2026-05-23T01:06:56.722672Z","level":"INFO","fields":{"message":"Config: min_spacing_between_global_dedup_queries = 256 (default)"},"filename":"/Users/runner/work/xet-core/xet-core/xet_runtime/src/utils/configuration_utils.rs","line_number":53}
{"timestamp":"2026-05-23T01:06:56.722702Z","level":"INFO","fields":{"message":"Config: local_cas_scheme = \"local://\" (default)"},"filename":"/Users/runner/work/xet-core/xet-core/xet_runtime/src/utils/configuration_utils.rs","line_number":53}
{"timestamp":"2026-05-23T01:06:56.722709Z","level":"INFO","fields":{"message":"Config: max_concurrent_file_ingestion = 8 (default)"},"filename":"/Users/runner/work/xet-core/xet-core/xet_runtime/src/utils/configuration_utils.rs","line_number":53}
{"timestamp":"2026-05-23T01:06:56.722712Z","level":"INFO","fields":{"message":"Config: max_concurrent_file_downloads = 8 (default)"},"filename":"/Users/runner/work/xet-core/xet-core/xet_runtime/src/utils/configuration_utils.rs","line_number":53}
{"timestamp":"2026-05-23T01:06:56.722716Z","level":"INFO","fields":{"message":"Config: ingestion_block_size = 8MB (default)"},"filename":"/Users/runner/work/xet-core/xet-core/xet_runtime/src/utils/configuration_utils.rs","line_number":53}
{"timestamp":"2026-05-23T01:06:56.722722Z","level":"INFO","fields":{"message":"Config: progress_update_interval = 200ms (default)"},"filename":"/Users/runner/work/xet-core/xet-core/xet_runtime/src/utils/configuration_utils.rs","line_number":53}
{"timestamp":"2026-05-23T01:06:56.722726Z","level":"INFO","fields":{"message":"Config: progress_update_speed_sampling_window = 10s (default)"},"filename":"/Users/runner/work/xet-core/xet-core/xet_runtime/src/utils/configuration_utils.rs","line_number":53}
{"timestamp":"2026-05-23T01:06:56.722730Z","level":"INFO","fields":{"message":"Config: progress_update_speed_min_observations = 4 (default)"},"filename":"/Users/runner/work/xet-core/xet-core/xet_runtime/src/utils/configuration_utils.rs","line_number":53}
{"timestamp":"2026-05-23T01:06:56.722734Z","level":"INFO","fields":{"message":"Config: session_xorb_metadata_flush_interval = 20s (default)"},"filename":"/Users/runner/work/xet-core/xet-core/xet_runtime/src/utils/configuration_utils.rs","line_number":53}
{"timestamp":"2026-05-23T01:06:56.722738Z","level":"INFO","fields":{"message":"Config: session_xorb_metadata_flush_max_count = 64 (default)"},"filename":"/Users/runner/work/xet-core/xet-core/xet_runtime/src/utils/configuration_utils.rs","line_number":53}
{"timestamp":"2026-05-23T01:06:56.722741Z","level":"INFO","fields":{"message":"Config: default_cas_endpoint = \"http://localhost:8080\" (default)"},"filename":"/Users/runner/work/xet-core/xet-core/xet_runtime/src/utils/configuration_utils.rs","line_number":53}
{"timestamp":"2026-05-23T01:06:56.722745Z","level":"INFO","fields":{"message":"Config: aggregate_progress = true (default)"},"filename":"/Users/runner/work/xet-core/xet-core/xet_runtime/src/utils/configuration_utils.rs","line_number":53}
{"timestamp":"2026-05-23T01:06:56.722749Z","level":"INFO","fields":{"message":"Config: default_prefix = \"default\" (default)"},"filename":"/Users/runner/work/xet-core/xet-core/xet_runtime/src/utils/configuration_utils.rs","line_number":53}
{"timestamp":"2026-05-23T01:06:56.722752Z","level":"INFO","fields":{"message":"Config: staging_subdir = \"staging\" (default)"},"filename":"/Users/runner/work/xet-core/xet-core/xet_runtime/src/utils/configuration_utils.rs","line_number":53}
{"timestamp":"2026-05-23T01:06:56.722756Z","level":"INFO","fields":{"message":"Config: target_size = 67108864 (default)"},"filename":"/Users/runner/work/xet-core/xet-core/xet_runtime/src/utils/configuration_utils.rs","line_number":53}
{"timestamp":"2026-05-23T01:06:56.722759Z","level":"INFO","fields":{"message":"Config: max_target_size = 67108864 (default)"},"filename":"/Users/runner/work/xet-core/xet-core/xet_runtime/src/utils/configuration_utils.rs","line_number":53}
{"timestamp":"2026-05-23T01:06:56.722763Z","level":"INFO","fields":{"message":"Config: cache_size_limit = 16GB (default)"},"filename":"/Users/runner/work/xet-core/xet-core/xet_runtime/src/utils/configuration_utils.rs","line_number":53}
{"timestamp":"2026-05-23T01:06:56.722767Z","level":"INFO","fields":{"message":"Config: chunk_index_table_max_size = 67108864 (default)"},"filename":"/Users/runner/work/xet-core/xet-core/xet_runtime/src/utils/configuration_utils.rs","line_number":53}
{"timestamp":"2026-05-23T01:06:56.722771Z","level":"INFO","fields":{"message":"Config: cache_subdir = \"shard-cache\" (default)"},"filename":"/Users/runner/work/xet-core/xet-core/xet_runtime/src/utils/configuration_utils.rs","line_number":53}
{"timestamp":"2026-05-23T01:06:56.722774Z","level":"INFO","fields":{"message":"Config: nranges_in_streaming_fragmentation_estimator = 128 (default)"},"filename":"/Users/runner/work/xet-core/xet-core/xet_runtime/src/utils/configuration_utils.rs","line_number":53}
{"timestamp":"2026-05-23T01:06:56.722778Z","level":"INFO","fields":{"message":"Config: min_n_chunks_per_range_hysteresis_factor = 0.5 (default)"},"filename":"/Users/runner/work/xet-core/xet-core/xet_runtime/src/utils/configuration_utils.rs","line_number":53}
{"timestamp":"2026-05-23T01:06:56.722813Z","level":"INFO","fields":{"message":"Config: min_n_chunks_per_range = 8.0 (default)"},"filename":"/Users/runner/work/xet-core/xet-core/xet_runtime/src/utils/configuration_utils.rs","line_number":53}
{"timestamp":"2026-05-23T01:06:56.722818Z","level":"INFO","fields":{"message":"Config: global_dedup_query_enabled = true (default)"},"filename":"/Users/runner/work/xet-core/xet-core/xet_runtime/src/utils/configuration_utils.rs","line_number":53}
{"timestamp":"2026-05-23T01:06:56.722821Z","level":"INFO","fields":{"message":"Config: size_bytes = 0 (default)"},"filename":"/Users/runner/work/xet-core/xet-core/xet_runtime/src/utils/configuration_utils.rs","line_number":53}
{"timestamp":"2026-05-23T01:06:56.722825Z","level":"INFO","fields":{"message":"Config: retry_max_attempts = 5 (default)"},"filename":"/Users/runner/work/xet-core/xet-core/xet_runtime/src/utils/configuration_utils.rs","line_number":53}
{"timestamp":"2026-05-23T01:06:56.722828Z","level":"INFO","fields":{"message":"Config: retry_base_delay = 3s (default)"},"filename":"/Users/runner/work/xet-core/xet-core/xet_runtime/src/utils/configuration_utils.rs","line_number":53}
{"timestamp":"2026-05-23T01:06:56.722831Z","level":"INFO","fields":{"message":"Config: retry_max_duration = 360s (default)"},"filename":"/Users/runner/work/xet-core/xet-core/xet_runtime/src/utils/configuration_utils.rs","line_number":53}
{"timestamp":"2026-05-23T01:06:56.722834Z","level":"INFO","fields":{"message":"Config: idle_connection_timeout = 60s (default)"},"filename":"/Users/runner/work/xet-core/xet-core/xet_runtime/src/utils/configuration_utils.rs","line_number":53}
{"timestamp":"2026-05-23T01:06:56.722837Z","level":"INFO","fields":{"message":"Config: max_idle_connections = 16 (default)"},"filename":"/Users/runner/work/xet-core/xet-core/xet_runtime/src/utils/configuration_utils.rs","line_number":53}
{"timestamp":"2026-05-23T01:06:56.722840Z","level":"INFO","fields":{"message":"Config: connect_timeout = 60s (default)"},"filename":"/Users/runner/work/xet-core/xet-core/xet_runtime/src/utils/configuration_utils.rs","line_number":53}
{"timestamp":"2026-05-23T01:06:56.722843Z","level":"INFO","fields":{"message":"Config: read_timeout = 120s (default)"},"filename":"/Users/runner/work/xet-core/xet-core/xet_runtime/src/utils/configuration_utils.rs","line_number":53}
{"timestamp":"2026-05-23T01:06:56.722846Z","level":"INFO","fields":{"message":"Config: upload_reporting_block_size = 524288 (default)"},"filename":"/Users/runner/work/xet-core/xet-core/xet_runtime/src/utils/configuration_utils.rs","line_number":53}
{"timestamp":"2026-05-23T01:06:56.722850Z","level":"INFO","fields":{"message":"Config: enable_adaptive_concurrency = true (default)"},"filename":"/Users/runner/work/xet-core/xet-core/xet_runtime/src/utils/configuration_utils.rs","line_number":53}
{"timestamp":"2026-05-23T01:06:56.722853Z","level":"INFO","fields":{"message":"Config: ac_min_adjustment_window_ms = 500 (default)"},"filename":"/Users/runner/work/xet-core/xet-core/xet_runtime/src/utils/configuration_utils.rs","line_number":53}
{"timestamp":"2026-05-23T01:06:56.722857Z","level":"INFO","fields":{"message":"Config: ac_min_bytes_required_for_adjustment = 20MB (default)"},"filename":"/Users/runner/work/xet-core/xet-core/xet_runtime/src/utils/configuration_utils.rs","line_number":53}
{"timestamp":"2026-05-23T01:06:56.722860Z","level":"INFO","fields":{"message":"Config: ac_num_transmissions_required_for_adjustment = 1 (default)"},"filename":"/Users/runner/work/xet-core/xet-core/xet_runtime/src/utils/configuration_utils.rs","line_number":53}
{"timestamp":"2026-05-23T01:06:56.722864Z","level":"INFO","fields":{"message":"Config: ac_latency_rtt_half_life = 64.0 (default)"},"filename":"/Users/runner/work/xet-core/xet-core/xet_runtime/src/utils/configuration_utils.rs","line_number":53}
{"timestamp":"2026-05-23T01:06:56.722867Z","level":"INFO","fields":{"message":"Config: ac_success_tracking_half_life = 8.0 (default)"},"filename":"/Users/runner/work/xet-core/xet-core/xet_runtime/src/utils/configuration_utils.rs","line_number":53}
{"timestamp":"2026-05-23T01:06:56.722871Z","level":"INFO","fields":{"message":"Config: ac_target_rtt = 60s (default)"},"filename":"/Users/runner/work/xet-core/xet-core/xet_runtime/src/utils/configuration_utils.rs","line_number":53}
{"timestamp":"2026-05-23T01:06:56.722874Z","level":"INFO","fields":{"message":"Config: ac_max_healthy_rtt = 90s (default)"},"filename":"/Users/runner/work/xet-core/xet-core/xet_runtime/src/utils/configuration_utils.rs","line_number":53}
{"timestamp":"2026-05-23T01:06:56.722877Z","level":"INFO","fields":{"message":"Config: ac_rtt_success_max_quantile = 0.95 (default)"},"filename":"/Users/runner/work/xet-core/xet-core/xet_runtime/src/utils/configuration_utils.rs","line_number":53}
{"timestamp":"2026-05-23T01:06:56.722881Z","level":"INFO","fields":{"message":"Config: ac_healthy_success_ratio_threshold = 0.8 (default)"},"filename":"/Users/runner/work/xet-core/xet-core/xet_runtime/src/utils/configuration_utils.rs","line_number":53}
{"timestamp":"2026-05-23T01:06:56.722884Z","level":"INFO","fields":{"message":"Config: ac_unhealthy_success_ratio_threshold = 0.5 (default)"},"filename":"/Users/runner/work/xet-core/xet-core/xet_runtime/src/utils/configuration_utils.rs","line_number":53}
{"timestamp":"2026-05-23T01:06:56.722888Z","level":"INFO","fields":{"message":"Config: ac_max_reference_transmission_size = 64MB (default)"},"filename":"/Users/runner/work/xet-core/xet-core/xet_runtime/src/utils/configuration_utils.rs","line_number":53}
{"timestamp":"2026-05-23T01:06:56.722891Z","level":"INFO","fields":{"message":"Config: ac_min_reference_transmission_size = 1MB (default)"},"filename":"/Users/runner/work/xet-core/xet-core/xet_runtime/src/utils/configuration_utils.rs","line_number":53}
{"timestamp":"2026-05-23T01:06:56.722895Z","level":"INFO","fields":{"message":"Config: ac_logging_interval_ms = 10000 (default)"},"filename":"/Users/runner/work/xet-core/xet-core/xet_runtime/src/utils/configuration_utils.rs","line_number":53}
{"timestamp":"2026-05-23T01:06:56.722898Z","level":"INFO","fields":{"message":"Config: ac_max_upload_concurrency = 64 (default)"},"filename":"/Users/runner/work/xet-core/xet-core/xet_runtime/src/utils/configuration_utils.rs","line_number":53}
{"timestamp":"2026-05-23T01:06:56.722902Z","level":"INFO","fields":{"message":"Config: ac_min_upload_concurrency = 1 (default)"},"filename":"/Users/runner/work/xet-core/xet-core/xet_runtime/src/utils/configuration_utils.rs","line_number":53}
{"timestamp":"2026-05-23T01:06:56.722906Z","level":"INFO","fields":{"message":"Config: ac_initial_upload_concurrency = 2 (default)"},"filename":"/Users/runner/work/xet-core/xet-core/xet_runtime/src/utils/configuration_utils.rs","line_number":53}
{"timestamp":"2026-05-23T01:06:56.722910Z","level":"INFO","fields":{"message":"Config: ac_max_download_concurrency = 64 (default)"},"filename":"/Users/runner/work/xet-core/xet-core/xet_runtime/src/utils/configuration_utils.rs","line_number":53}
{"timestamp":"2026-05-23T01:06:56.722913Z","level":"INFO","fields":{"message":"Config: ac_min_download_concurrency = 1 (default)"},"filename":"/Users/runner/work/xet-core/xet-core/xet_runtime/src/utils/configuration_utils.rs","line_number":53}
{"timestamp":"2026-05-23T01:06:56.722917Z","level":"INFO","fields":{"message":"Config: ac_initial_download_concurrency = 4 (default)"},"filename":"/Users/runner/work/xet-core/xet-core/xet_runtime/src/utils/configuration_utils.rs","line_number":53}
{"timestamp":"2026-05-23T01:06:56.722920Z","level":"INFO","fields":{"message":"Config: unix_socket_path = None (default)"},"filename":"/Users/runner/work/xet-core/xet-core/xet_runtime/src/utils/configuration_utils.rs","line_number":53}
{"timestamp":"2026-05-23T01:06:56.722923Z","level":"INFO","fields":{"message":"Config: reconstruction_api_version = None (default)"},"filename":"/Users/runner/work/xet-core/xet-core/xet_runtime/src/utils/configuration_utils.rs","line_number":53}
{"timestamp":"2026-05-23T01:06:56.722955Z","level":"INFO","fields":{"message":"Config: enable_multirange_fetching = false (default)"},"filename":"/Users/runner/work/xet-core/xet-core/xet_runtime/src/utils/configuration_utils.rs","line_number":53}
{"timestamp":"2026-05-23T01:06:56.722958Z","level":"INFO","fields":{"message":"Config: dest = None (default)"},"filename":"/Users/runner/work/xet-core/xet-core/xet_runtime/src/utils/configuration_utils.rs","line_number":53}
{"timestamp":"2026-05-23T01:06:56.722962Z","level":"INFO","fields":{"message":"Config: format = None (default)"},"filename":"/Users/runner/work/xet-core/xet-core/xet_runtime/src/utils/configuration_utils.rs","line_number":53}
{"timestamp":"2026-05-23T01:06:56.722965Z","level":"INFO","fields":{"message":"Config: prefix = \"xet\" (default)"},"filename":"/Users/runner/work/xet-core/xet-core/xet_runtime/src/utils/configuration_utils.rs","line_number":53}
{"timestamp":"2026-05-23T01:06:56.722968Z","level":"INFO","fields":{"message":"Config: dir_disable_cleanup = false (default)"},"filename":"/Users/runner/work/xet-core/xet-core/xet_runtime/src/utils/configuration_utils.rs","line_number":53}
{"timestamp":"2026-05-23T01:06:56.722971Z","level":"INFO","fields":{"message":"Config: dir_max_size = 250MB (default)"},"filename":"/Users/runner/work/xet-core/xet-core/xet_runtime/src/utils/configuration_utils.rs","line_number":53}
{"timestamp":"2026-05-23T01:06:56.722975Z","level":"INFO","fields":{"message":"Config: dir_min_deletion_age = 86400s (default)"},"filename":"/Users/runner/work/xet-core/xet-core/xet_runtime/src/utils/configuration_utils.rs","line_number":53}
{"timestamp":"2026-05-23T01:06:56.722978Z","level":"INFO","fields":{"message":"Config: dir_max_retention_age = 1209600s (default)"},"filename":"/Users/runner/work/xet-core/xet-core/xet_runtime/src/utils/configuration_utils.rs","line_number":53}
{"timestamp":"2026-05-23T01:06:56.722982Z","level":"INFO","fields":{"message":"Config: min_reconstruction_fetch_size = 256MB (default)"},"filename":"/Users/runner/work/xet-core/xet-core/xet_runtime/src/utils/configuration_utils.rs","line_number":53}
{"timestamp":"2026-05-23T01:06:56.722985Z","level":"INFO","fields":{"message":"Config: max_reconstruction_fetch_size = 8GB (default)"},"filename":"/Users/runner/work/xet-core/xet-core/xet_runtime/src/utils/configuration_utils.rs","line_number":53}
{"timestamp":"2026-05-23T01:06:56.722989Z","level":"INFO","fields":{"message":"Config: download_buffer_size = 2GB (default)"},"filename":"/Users/runner/work/xet-core/xet-core/xet_runtime/src/utils/configuration_utils.rs","line_number":53}
{"timestamp":"2026-05-23T01:06:56.722992Z","level":"INFO","fields":{"message":"Config: download_buffer_perfile_size = 512MB (default)"},"filename":"/Users/runner/work/xet-core/xet-core/xet_runtime/src/utils/configuration_utils.rs","line_number":53}
{"timestamp":"2026-05-23T01:06:56.722996Z","level":"INFO","fields":{"message":"Config: download_buffer_limit = 8GB (default)"},"filename":"/Users/runner/work/xet-core/xet-core/xet_runtime/src/utils/configuration_utils.rs","line_number":53}
{"timestamp":"2026-05-23T01:06:56.722999Z","level":"INFO","fields":{"message":"Config: completion_rate_estimator_half_life = 4.0 (default)"},"filename":"/Users/runner/work/xet-core/xet-core/xet_runtime/src/utils/configuration_utils.rs","line_number":53}
{"timestamp":"2026-05-23T01:06:56.723002Z","level":"INFO","fields":{"message":"Config: target_block_completion_time = 900s (default)"},"filename":"/Users/runner/work/xet-core/xet-core/xet_runtime/src/utils/configuration_utils.rs","line_number":53}
{"timestamp":"2026-05-23T01:06:56.723006Z","level":"INFO","fields":{"message":"Config: min_prefetch_buffer = 1GB (default)"},"filename":"/Users/runner/work/xet-core/xet-core/xet_runtime/src/utils/configuration_utils.rs","line_number":53}
{"timestamp":"2026-05-23T01:06:56.723009Z","level":"INFO","fields":{"message":"Config: use_vectored_write = true (default)"},"filename":"/Users/runner/work/xet-core/xet-core/xet_runtime/src/utils/configuration_utils.rs","line_number":53}
{"timestamp":"2026-05-23T01:06:56.723013Z","level":"INFO","fields":{"message":"Config: compression_scheme_retest_interval = 32 (default)"},"filename":"/Users/runner/work/xet-core/xet-core/xet_runtime/src/utils/configuration_utils.rs","line_number":53}
{"timestamp":"2026-05-23T01:06:56.723018Z","level":"INFO","fields":{"message":"Config: compression_policy = \"auto\" (default)"},"filename":"/Users/runner/work/xet-core/xet-core/xet_runtime/src/utils/config_enum.rs","line_number":174}
{"timestamp":"2026-05-23T01:06:56.723021Z","level":"INFO","fields":{"message":"Config: simulation_max_bytes = None (default)"},"filename":"/Users/runner/work/xet-core/xet-core/xet_runtime/src/utils/configuration_utils.rs","line_number":53}
{"timestamp":"2026-05-23T01:06:56.723025Z","level":"INFO","fields":{"message":"Config: simulation_max_chunks = None (default)"},"filename":"/Users/runner/work/xet-core/xet-core/xet_runtime/src/utils/configuration_utils.rs","line_number":53}
{"timestamp":"2026-05-23T01:06:56.723057Z","level":"INFO","fields":{"message":"Config: dir_name = \"shard-session\" (default)"},"filename":"/Users/runner/work/xet-core/xet-core/xet_runtime/src/utils/configuration_utils.rs","line_number":53}
{"timestamp":"2026-05-23T01:06:56.723060Z","level":"INFO","fields":{"message":"Config: enabled = false (default)"},"filename":"/Users/runner/work/xet-core/xet-core/xet_runtime/src/utils/configuration_utils.rs","line_number":53}
{"timestamp":"2026-05-23T01:06:56.723063Z","level":"INFO","fields":{"message":"Config: sample_interval = 5s (default)"},"filename":"/Users/runner/work/xet-core/xet-core/xet_runtime/src/utils/configuration_utils.rs","line_number":53}
{"timestamp":"2026-05-23T01:06:56.723066Z","level":"INFO","fields":{"message":"Config: log_path = None (default)"},"filename":"/Users/runner/work/xet-core/xet-core/xet_runtime/src/utils/configuration_utils.rs","line_number":53}
{"timestamp":"2026-05-23T01:06:56.723139Z","level":"INFO","fields":{"message":"Using 8 async threads for tokio runtime"},"filename":"/Users/runner/work/xet-core/xet-core/xet_runtime/src/core/runtime.rs","line_number":70}
{"timestamp":"2026-05-23T01:06:56.724610Z","level":"INFO","fields":{"message":"TranslatorConfig initialized","endpoint":"https://cas-server.xethub.hf.co","session_id":"Some(\"019e525e-fa54-7331-aadb-0b1061bdd2c9\")","shard_cache":"/Users/lokeshadda/Downloads/ai-incident-resolution-main/.cache/huggingface/xet/https___cas_serv-tGqkUaZf_CBPHQ6h/shard-cache","shard_session":"/Users/lokeshadda/Downloads/ai-incident-resolution-main/.cache/huggingface/xet/https___cas_serv-tGqkUaZf_CBPHQ6h/staging/shard-session"},"filename":"/Users/runner/work/xet-core/xet-core/xet_data/src/processing/configurations.rs","line_number":115,"span":{"num_files":1,"name":"data_client::download"},"spans":[{"num_files":1,"name":"data_client::download"}]}
{"timestamp":"2026-05-23T01:06:56.725872Z","level":"INFO","fields":{"message":"HTTP client configured","idle_timeout":"60s","max_idle_connections":16,"custom_headers":"Some({\"user-agent\": \"unknown/None; hf_hub/1.16.1; python/3.13.1; torch/2.12.0; agent/cursor-cli; transformers/5.9.0; session_id/ed18af2314b84ad3a1c13b6581d78c29; file_type/model; framework/pytorch; from_auto_class/True; hf_xet/1.5.0\"})"},"filename":"/Users/runner/work/xet-core/xet-core/xet_client/src/common/http_client.rs","line_number":187,"span":{"num_files":1,"session_id":"019e525e-fa54-7331-aadb-0b1061bdd2c9","name":"data_client::download"},"spans":[{"num_files":1,"session_id":"019e525e-fa54-7331-aadb-0b1061bdd2c9","name":"data_client::download"}]}
{"timestamp":"2026-05-23T01:06:56.725921Z","level":"INFO","fields":{"message":"CAS auth disabled","caller":"/Users/runner/work/xet-core/xet-core/xet_client/src/common/http_client.rs:166"},"filename":"/Users/runner/work/xet-core/xet-core/xet_runtime/src/error_printer/mod.rs","line_number":198,"span":{"num_files":1,"session_id":"019e525e-fa54-7331-aadb-0b1061bdd2c9","name":"data_client::download"},"spans":[{"num_files":1,"session_id":"019e525e-fa54-7331-aadb-0b1061bdd2c9","name":"data_client::download"}]}
{"timestamp":"2026-05-23T01:06:56.725934Z","level":"INFO","fields":{"message":"HTTP client configured","idle_timeout":"60s","max_idle_connections":16,"custom_headers":"Some({\"user-agent\": \"unknown/None; hf_hub/1.16.1; python/3.13.1; torch/2.12.0; agent/cursor-cli; transformers/5.9.0; session_id/ed18af2314b84ad3a1c13b6581d78c29; file_type/model; framework/pytorch; from_auto_class/True; hf_xet/1.5.0\"})"},"filename":"/Users/runner/work/xet-core/xet-core/xet_client/src/common/http_client.rs","line_number":187,"span":{"num_files":1,"session_id":"019e525e-fa54-7331-aadb-0b1061bdd2c9","name":"data_client::download"},"spans":[{"num_files":1,"session_id":"019e525e-fa54-7331-aadb-0b1061bdd2c9","name":"data_client::download"}]}
{"timestamp":"2026-05-23T01:06:56.726178Z","level":"INFO","fields":{"message":"No-read-timeout HTTP client configured (for shard uploads)","connect_timeout":"60s"},"filename":"/Users/runner/work/xet-core/xet-core/xet_client/src/common/http_client.rs","line_number":136,"span":{"num_files":1,"session_id":"019e525e-fa54-7331-aadb-0b1061bdd2c9","name":"data_client::download"},"spans":[{"num_files":1,"session_id":"019e525e-fa54-7331-aadb-0b1061bdd2c9","name":"data_client::download"}]}
{"timestamp":"2026-05-23T01:06:56.726191Z","level":"INFO","fields":{"message":"Initializing Adaptive Concurrency Controller for upload with starting concurrency = 2; min = 1, max = 64, min_bytes_for_adjustment = 20000000, min_completed_transmissions_for_adjustment = 1"},"filename":"/Users/runner/work/xet-core/xet-core/xet_client/src/cas_client/adaptive_concurrency/controller.rs","line_number":301,"span":{"num_files":1,"session_id":"019e525e-fa54-7331-aadb-0b1061bdd2c9","name":"data_client::download"},"spans":[{"num_files":1,"session_id":"019e525e-fa54-7331-aadb-0b1061bdd2c9","name":"data_client::download"}]}
{"timestamp":"2026-05-23T01:06:56.726200Z","level":"INFO","fields":{"message":"Initializing Adaptive Concurrency Controller for download with starting concurrency = 4; min = 1, max = 64, min_bytes_for_adjustment = 20000000, min_completed_transmissions_for_adjustment = 1"},"filename":"/Users/runner/work/xet-core/xet-core/xet_client/src/cas_client/adaptive_concurrency/controller.rs","line_number":301,"span":{"num_files":1,"session_id":"019e525e-fa54-7331-aadb-0b1061bdd2c9","name":"data_client::download"},"spans":[{"num_files":1,"session_id":"019e525e-fa54-7331-aadb-0b1061bdd2c9","name":"data_client::download"}]}
{"timestamp":"2026-05-23T01:06:56.726329Z","level":"INFO","fields":{"message":"Reconstructing file to disk","file_hash":"789fdf16a3e59f4fbfb6002967ecee539a198dadb5be74ca549aa7dc9b1b55fb","byte_range":"None","path":"/Users/lokeshadda/Downloads/ai-incident-resolution-main/.cache/huggingface/models--sentence-transformers--all-MiniLM-L6-v2/blobs/53aa51172d142c89d9012cce15ae4d6cc0ca6895895114379cacb4fab128d9db.incomplete","write_offset":"None"},"filename":"/Users/runner/work/xet-core/xet-core/xet_data/src/file_reconstruction/file_reconstructor.rs","line_number":121}
{"timestamp":"2026-05-23T01:06:56.726615Z","level":"INFO","fields":{"message":"Scheduling prefetch block","file_hash":"789fdf16a3e59f4fbfb6002967ecee539a198dadb5be74ca549aa7dc9b1b55fb","prefetch_range":"(0, 256000000)","requested_block_size":256000000,"actual_block_size":256000000,"queue_depth":1},"filename":"/Users/runner/work/xet-core/xet-core/xet_data/src/file_reconstruction/reconstruction_terms/manager.rs","line_number":272}
{"timestamp":"2026-05-23T01:06:56.726737Z","level":"INFO","fields":{"message":"Scheduling prefetch block","file_hash":"789fdf16a3e59f4fbfb6002967ecee539a198dadb5be74ca549aa7dc9b1b55fb","prefetch_range":"(256000000, 768000000)","requested_block_size":512000000,"actual_block_size":512000000,"queue_depth":2},"filename":"/Users/runner/work/xet-core/xet-core/xet_data/src/file_reconstruction/reconstruction_terms/manager.rs","line_number":272}
{"timestamp":"2026-05-23T01:06:56.726747Z","level":"INFO","fields":{"message":"Scheduling prefetch block","file_hash":"789fdf16a3e59f4fbfb6002967ecee539a198dadb5be74ca549aa7dc9b1b55fb","prefetch_range":"(768000000, 1024000000)","requested_block_size":256000000,"actual_block_size":256000000,"queue_depth":3},"filename":"/Users/runner/work/xet-core/xet-core/xet_data/src/file_reconstruction/reconstruction_terms/manager.rs","line_number":272}
{"timestamp":"2026-05-23T01:06:56.726913Z","level":"INFO","fields":{"message":"Starting get_reconstruction API call","call_id":1,"file_id":"789fdf16a3e59f4fbfb6002967ecee539a198dadb5be74ca549aa7dc9b1b55fb","bytes_range":"Some(Range { start: 768000000, end: 1024000000 })","api_version":"v2"},"filename":"/Users/runner/work/xet-core/xet-core/xet_client/src/cas_client/remote_client.rs","line_number":208}
{"timestamp":"2026-05-23T01:06:56.726922Z","level":"INFO","fields":{"message":"Retry strategy","max_attempts":5,"base_delay":"3s","no_retry_on_429":false},"filename":"/Users/runner/work/xet-core/xet-core/xet_client/src/cas_client/retry_wrapper.rs","line_number":235}
{"timestamp":"2026-05-23T01:06:56.726926Z","level":"INFO","fields":{"message":"Starting get_reconstruction API call","call_id":2,"file_id":"789fdf16a3e59f4fbfb6002967ecee539a198dadb5be74ca549aa7dc9b1b55fb","bytes_range":"Some(Range { start: 256000000, end: 768000000 })","api_version":"v2"},"filename":"/Users/runner/work/xet-core/xet-core/xet_client/src/cas_client/remote_client.rs","line_number":208}
{"timestamp":"2026-05-23T01:06:56.726931Z","level":"INFO","fields":{"message":"Starting get_reconstruction API call","call_id":3,"file_id":"789fdf16a3e59f4fbfb6002967ecee539a198dadb5be74ca549aa7dc9b1b55fb","bytes_range":"Some(Range { start: 0, end: 256000000 })","api_version":"v2"},"filename":"/Users/runner/work/xet-core/xet-core/xet_client/src/cas_client/remote_client.rs","line_number":208}
{"timestamp":"2026-05-23T01:06:56.726942Z","level":"INFO","fields":{"message":"Retry strategy","max_attempts":5,"base_delay":"3s","no_retry_on_429":false},"filename":"/Users/runner/work/xet-core/xet-core/xet_client/src/cas_client/retry_wrapper.rs","line_number":235}
{"timestamp":"2026-05-23T01:06:56.726946Z","level":"INFO","fields":{"message":"Retry strategy","max_attempts":5,"base_delay":"3s","no_retry_on_429":false},"filename":"/Users/runner/work/xet-core/xet-core/xet_client/src/cas_client/retry_wrapper.rs","line_number":235}
{"timestamp":"2026-05-23T01:06:57.161329Z","level":"INFO","fields":{"message":"Received CAS response","request_id":"01KS95XZ31G42W04HKC0HBQ71M","status_code":416},"filename":"/Users/runner/work/xet-core/xet-core/xet_client/src/common/http_client.rs","line_number":288}
{"timestamp":"2026-05-23T01:06:57.161355Z","level":"INFO","fields":{"message":"Reached end of reconstruction 416 (Range Not Satisfiable): \"cas::get_reconstruction_v2\" api call failed (request id 01KS95XZ31G42W04HKC0HBQ71M): HTTP status client error (416 Range Not Satisfiable) for url (https://cas-server.xethub.hf.co/v2/reconstructions/789fdf16a3e59f4fbfb6002967ecee539a198dadb5be74ca549aa7dc9b1b55fb)"},"filename":"/Users/runner/work/xet-core/xet-core/xet_client/src/cas_client/retry_wrapper.rs","line_number":151}
{"timestamp":"2026-05-23T01:06:57.165370Z","level":"INFO","fields":{"message":"Received CAS response","request_id":"01KS95XZ32ARYCK8FGHK3CSESF","status_code":416},"filename":"/Users/runner/work/xet-core/xet-core/xet_client/src/common/http_client.rs","line_number":288}
{"timestamp":"2026-05-23T01:06:57.165384Z","level":"INFO","fields":{"message":"Reached end of reconstruction 416 (Range Not Satisfiable): \"cas::get_reconstruction_v2\" api call failed (request id 01KS95XZ32ARYCK8FGHK3CSESF): HTTP status client error (416 Range Not Satisfiable) for url (https://cas-server.xethub.hf.co/v2/reconstructions/789fdf16a3e59f4fbfb6002967ecee539a198dadb5be74ca549aa7dc9b1b55fb)"},"filename":"/Users/runner/work/xet-core/xet-core/xet_client/src/cas_client/retry_wrapper.rs","line_number":151}
{"timestamp":"2026-05-23T01:06:57.197184Z","level":"INFO","fields":{"message":"Received CAS response","request_id":"01KS95XZ356XKYQ8W96S18AERG","status_code":200},"filename":"/Users/runner/work/xet-core/xet-core/xet_client/src/common/http_client.rs","line_number":288}
{"timestamp":"2026-05-23T01:06:57.197209Z","level":"INFO","fields":{"message":"Request Success: cas::get_reconstruction_v2 api call succeeded (request id 01KS95XZ356XKYQ8W96S18AERG)."},"filename":"/Users/runner/work/xet-core/xet-core/xet_client/src/cas_client/retry_wrapper.rs","line_number":196}
{"timestamp":"2026-05-23T01:06:57.197288Z","level":"INFO","fields":{"message":"Completed get_reconstruction API call","call_id":3,"file_id":"789fdf16a3e59f4fbfb6002967ecee539a198dadb5be74ca549aa7dc9b1b55fb","bytes_range":"Some(Range { start: 0, end: 256000000 })","api_version":"v2"},"filename":"/Users/runner/work/xet-core/xet-core/xet_client/src/cas_client/remote_client.rs","line_number":232}
{"timestamp":"2026-05-23T01:06:57.197362Z","level":"INFO","fields":{"message":"Received block of file terms from prefetch queue","file_hash":"789fdf16a3e59f4fbfb6002967ecee539a198dadb5be74ca549aa7dc9b1b55fb","domain":"transfer.xethub.hf.co","block_start":0,"block_end":90868376,"block_size":4},"filename":"/Users/runner/work/xet-core/xet-core/xet_data/src/file_reconstruction/reconstruction_terms/manager.rs","line_number":151}
{"timestamp":"2026-05-23T01:06:57.197395Z","level":"INFO","fields":{"message":"Updated completion rate estimate based on previous block completion time (seconds).","file_hash":"789fdf16a3e59f4fbfb6002967ecee539a198dadb5be74ca549aa7dc9b1b55fb","block_start":0,"block_end":90868376,"block_size":90868376,"completion_time":0.000033},"filename":"/Users/runner/work/xet-core/xet-core/xet_data/src/file_reconstruction/reconstruction_terms/manager.rs","line_number":104}
{"timestamp":"2026-05-23T01:06:57.197402Z","level":"INFO","fields":{"message":"Completed prefetch queue; end of file reached.","file_hash":"789fdf16a3e59f4fbfb6002967ecee539a198dadb5be74ca549aa7dc9b1b55fb","prefetched_byte_position":1024000000},"filename":"/Users/runner/work/xet-core/xet-core/xet_data/src/file_reconstruction/reconstruction_terms/manager.rs","line_number":178}
{"timestamp":"2026-05-23T01:06:57.197406Z","level":"INFO","fields":{"message":"All term blocks received and scheduled for writing","file_hash":"789fdf16a3e59f4fbfb6002967ecee539a198dadb5be74ca549aa7dc9b1b55fb","block_count":1,"total_terms_processed":4,"total_bytes_scheduled":90868376},"filename":"/Users/runner/work/xet-core/xet-core/xet_data/src/file_reconstruction/run_state.rs","line_number":150}
{"timestamp":"2026-05-23T01:06:57.197418Z","level":"INFO","fields":{"message":"Retry strategy","max_attempts":5,"base_delay":"3s","no_retry_on_429":false},"filename":"/Users/runner/work/xet-core/xet-core/xet_client/src/cas_client/retry_wrapper.rs","line_number":235}
{"timestamp":"2026-05-23T01:06:57.197419Z","level":"INFO","fields":{"message":"Retry strategy","max_attempts":5,"base_delay":"3s","no_retry_on_429":false},"filename":"/Users/runner/work/xet-core/xet-core/xet_client/src/cas_client/retry_wrapper.rs","line_number":235}
{"timestamp":"2026-05-23T01:06:57.197425Z","level":"INFO","fields":{"message":"Retry strategy","max_attempts":5,"base_delay":"3s","no_retry_on_429":false},"filename":"/Users/runner/work/xet-core/xet-core/xet_client/src/cas_client/retry_wrapper.rs","line_number":235}
{"timestamp":"2026-05-23T01:06:57.421394Z","level":"INFO","fields":{"message":"Received CAS response","request_id":"","status_code":206},"filename":"/Users/runner/work/xet-core/xet-core/xet_client/src/common/http_client.rs","line_number":288}
{"timestamp":"2026-05-23T01:06:57.421423Z","level":"INFO","fields":{"message":"Request Success: s3::get_range api call succeeded (request id )."},"filename":"/Users/runner/work/xet-core/xet-core/xet_client/src/cas_client/retry_wrapper.rs","line_number":196}
{"timestamp":"2026-05-23T01:06:57.421514Z","level":"INFO","fields":{"message":"Received CAS response","request_id":"","status_code":206},"filename":"/Users/runner/work/xet-core/xet-core/xet_client/src/common/http_client.rs","line_number":288}
{"timestamp":"2026-05-23T01:06:57.421525Z","level":"INFO","fields":{"message":"Request Success: s3::get_range api call succeeded (request id )."},"filename":"/Users/runner/work/xet-core/xet-core/xet_client/src/cas_client/retry_wrapper.rs","line_number":196}
{"timestamp":"2026-05-23T01:06:57.421582Z","level":"INFO","fields":{"message":"Received CAS response","request_id":"","status_code":206},"filename":"/Users/runner/work/xet-core/xet-core/xet_client/src/common/http_client.rs","line_number":288}
{"timestamp":"2026-05-23T01:06:57.421596Z","level":"INFO","fields":{"message":"Request Success: s3::get_range api call succeeded (request id )."},"filename":"/Users/runner/work/xet-core/xet-core/xet_client/src/cas_client/retry_wrapper.rs","line_number":196}
{"timestamp":"2026-05-23T01:06:58.059572Z","level":"INFO","fields":{"message":"Concurrency control for download: Increased concurrency from 4 to 5; reason: success ratio 1.000 is above threshold 0.800 and predicted RTT for 61MB at new concurrency is 7.62s < target 60.0s"},"filename":"/Users/runner/work/xet-core/xet-core/xet_client/src/cas_client/adaptive_concurrency/controller.rs","line_number":543}
{"timestamp":"2026-05-23T01:06:58.660697Z","level":"INFO","fields":{"message":"Concurrency control for download: Increased concurrency from 5 to 6; reason: success ratio 1.000 is above threshold 0.800 and predicted RTT for 61MB at new concurrency is 6.10s < target 60.0s"},"filename":"/Users/runner/work/xet-core/xet-core/xet_client/src/cas_client/adaptive_concurrency/controller.rs","line_number":543}
{"timestamp":"2026-05-23T01:06:58.998124Z","level":"INFO","fields":{"message":"File reconstruction completed successfully","file_hash":"789fdf16a3e59f4fbfb6002967ecee539a198dadb5be74ca549aa7dc9b1b55fb","block_count":1,"total_terms_processed":4,"total_bytes_scheduled":90868376},"filename":"/Users/runner/work/xet-core/xet-core/xet_data/src/file_reconstruction/run_state.rs","line_number":150}
